# JRE version: OpenJDK Runtime Environment Temurin-19.0.2+7 (19.0.2+7) (build 19.0.2+7)
# Java VM: OpenJDK 64-Bit Server VM Temurin-19.0.2+7 (19.0.2+7, mixed mode, sharing, tiered, compressed oops, compressed class ptrs, g1 gc, windows-amd64)
GC Precious Log:
 CardTable entry size: 512
 Card Set container configuration: InlinePtr #cards 5 size 8 Array Of Cards #cards 12 size 40 Howl #buckets 4 coarsen threshold 1843 Howl Bitmap #cards 512 size 80 coarsen threshold 460 Card regions per heap region 1 cards per card region 2048
 CPUs: 8 total, 8 available
 Memory: 16122M
 Large Page Support: Disabled
 NUMA Support: Disabled
 Compressed Oops: Enabled (32-bit)
 Heap Region Size: 1M
 Heap Min Capacity: 8M
 Heap Initial Capacity: 252M
 Heap Max Capacity: 1G
 Pre-touch: Disabled
 Parallel Workers: 8
 Concurrent Workers: 2
 Concurrent Refinement Workers: 8
 Periodic GC: Disabled
 String Deduplication is enabled
Heap:
 garbage-first heap   total 222208K, used 121068K [0x00000000c0000000, 0x0000000100000000)
  region size 1024K, 25 young (25600K), 8 survivors (8192K)
 Metaspace       used 29984K, committed 30912K, reserved 1114112K
  class space    used 2809K, committed 3264K, reserved 1048576K
GC Heap History (20 events):
Event: 732.512 GC heap before
{Heap before GC invocations=91 (full 0):
 garbage-first heap   total 222208K, used 190691K [0x00000000c0000000, 0x0000000100000000)
  region size 1024K, 91 young (93184K), 5 survivors (5120K)
 Metaspace       used 29895K, committed 30848K, reserved 1114112K
  class space    used 2807K, committed 3264K, reserved 1048576K
}
Event: 732.519 GC heap after
{Heap after GC invocations=92 (full 0):
 garbage-first heap   total 222208K, used 103274K [0x00000000c0000000, 0x0000000100000000)
  region size 1024K, 6 young (6144K), 6 survivors (6144K)
 Metaspace       used 29895K, committed 30848K, reserved 1114112K
  class space    used 2807K, committed 3264K, reserved 1048576K
}
Event: 739.060 GC heap before
{Heap before GC invocations=92 (full 0):
 garbage-first heap   total 222208K, used 189290K [0x00000000c0000000, 0x0000000100000000)
  region size 1024K, 90 young (92160K), 6 survivors (6144K)
 Metaspace       used 29897K, committed 30848K, reserved 1114112K
  class space    used 2807K, committed 3264K, reserved 1048576K
}
Event: 739.068 GC heap after
{Heap after GC invocations=93 (full 0):
 garbage-first heap   total 222208K, used 103911K [0x00000000c0000000, 0x0000000100000000)
  region size 1024K, 6 young (6144K), 6 survivors (6144K)
 Metaspace       used 29897K, committed 30848K, reserved 1114112K
  class space    used 2807K, committed 3264K, reserved 1048576K
}
Event: 796.927 GC heap before
{Heap before GC invocations=93 (full 0):
 garbage-first heap   total 222208K, used 189927K [0x00000000c0000000, 0x0000000100000000)
  region size 1024K, 90 young (92160K), 6 survivors (6144K)
 Metaspace       used 29898K, committed 30848K, reserved 1114112K
  class space    used 2807K, committed 3264K, reserved 1048576K
}
Event: 796.946 GC heap after
{Heap after GC invocations=94 (full 0):
 garbage-first heap   total 222208K, used 104043K [0x00000000c0000000, 0x0000000100000000)
  region size 1024K, 6 young (6144K), 6 survivors (6144K)
 Metaspace       used 29898K, committed 30848K, reserved 1114112K
  class space    used 2807K, committed 3264K, reserved 1048576K
}
Event: 885.774 GC heap before
{Heap before GC invocations=94 (full 0):
 garbage-first heap   total 222208K, used 188011K [0x00000000c0000000, 0x0000000100000000)
  region size 1024K, 89 young (91136K), 6 survivors (6144K)
 Metaspace       used 29914K, committed 30848K, reserved 1114112K
  class space    used 2807K, committed 3264K, reserved 1048576K
}
Event: 885.784 GC heap after
{Heap after GC invocations=95 (full 0):
 garbage-first heap   total 222208K, used 103249K [0x00000000c0000000, 0x0000000100000000)
  region size 1024K, 6 young (6144K), 6 survivors (6144K)
 Metaspace       used 29914K, committed 30848K, reserved 1114112K
  class space    used 2807K, committed 3264K, reserved 1048576K
}
Event: 902.657 GC heap before
{Heap before GC invocations=95 (full 0):
 garbage-first heap   total 222208K, used 189265K [0x00000000c0000000, 0x0000000100000000)
  region size 1024K, 90 young (92160K), 6 survivors (6144K)
 Metaspace       used 29914K, committed 30848K, reserved 1114112K
  class space    used 2807K, committed 3264K, reserved 1048576K
}
Event: 902.675 GC heap after
{Heap after GC invocations=96 (full 0):
 garbage-first heap   total 222208K, used 103862K [0x00000000c0000000, 0x0000000100000000)
  region size 1024K, 6 young (6144K), 6 survivors (6144K)
 Metaspace       used 29914K, committed 30848K, reserved 1114112K
  class space    used 2807K, committed 3264K, reserved 1048576K
}
Event: 922.261 GC heap before
{Heap before GC invocations=96 (full 0):
 garbage-first heap   total 222208K, used 189878K [0x00000000c0000000, 0x0000000100000000)
  region size 1024K, 90 young (92160K), 6 survivors (6144K)
 Metaspace       used 29921K, committed 30848K, reserved 1114112K
  class space    used 2808K, committed 3264K, reserved 1048576K
}
Event: 922.265 GC heap after
{Heap after GC invocations=97 (full 0):
 garbage-first heap   total 222208K, used 100609K [0x00000000c0000000, 0x0000000100000000)
  region size 1024K, 3 young (3072K), 3 survivors (3072K)
 Metaspace       used 29921K, committed 30848K, reserved 1114112K
  class space    used 2808K, committed 3264K, reserved 1048576K
}
Event: 925.259 GC heap before
{Heap before GC invocations=97 (full 0):
 garbage-first heap   total 222208K, used 190721K [0x00000000c0000000, 0x0000000100000000)
  region size 1024K, 91 young (93184K), 3 survivors (3072K)
 Metaspace       used 29922K, committed 30848K, reserved 1114112K
  class space    used 2808K, committed 3264K, reserved 1048576K
}
Event: 925.262 GC heap after
{Heap after GC invocations=98 (full 0):
 garbage-first heap   total 222208K, used 100536K [0x00000000c0000000, 0x0000000100000000)
  region size 1024K, 3 young (3072K), 3 survivors (3072K)
 Metaspace       used 29922K, committed 30848K, reserved 1114112K
  class space    used 2808K, committed 3264K, reserved 1048576K
}
Event: 928.430 GC heap before
{Heap before GC invocations=98 (full 0):
 garbage-first heap   total 222208K, used 191672K [0x00000000c0000000, 0x0000000100000000)
  region size 1024K, 92 young (94208K), 3 survivors (3072K)
 Metaspace       used 29923K, committed 30848K, reserved 1114112K
  class space    used 2808K, committed 3264K, reserved 1048576K
}
Event: 928.436 GC heap after
{Heap after GC invocations=99 (full 0):
 garbage-first heap   total 222208K, used 103525K [0x00000000c0000000, 0x0000000100000000)
  region size 1024K, 6 young (6144K), 6 survivors (6144K)
 Metaspace       used 29923K, committed 30848K, reserved 1114112K
  class space    used 2808K, committed 3264K, reserved 1048576K
}
Event: 936.930 GC heap before
{Heap before GC invocations=99 (full 0):
 garbage-first heap   total 222208K, used 190565K [0x00000000c0000000, 0x0000000100000000)
  region size 1024K, 91 young (93184K), 6 survivors (6144K)
 Metaspace       used 29940K, committed 30848K, reserved 1114112K
  class space    used 2808K, committed 3264K, reserved 1048576K
}
Event: 936.945 GC heap after
{Heap after GC invocations=100 (full 0):
 garbage-first heap   total 222208K, used 103507K [0x00000000c0000000, 0x0000000100000000)
  region size 1024K, 6 young (6144K), 6 survivors (6144K)
 Metaspace       used 29940K, committed 30848K, reserved 1114112K
  class space    used 2808K, committed 3264K, reserved 1048576K
}
Event: 945.497 GC heap before
{Heap before GC invocations=100 (full 0):
 garbage-first heap   total 222208K, used 189523K [0x00000000c0000000, 0x0000000100000000)
  region size 1024K, 91 young (93184K), 6 survivors (6144K)
 Metaspace       used 29957K, committed 30912K, reserved 1114112K
  class space    used 2808K, committed 3264K, reserved 1048576K
}
Event: 945.505 GC heap after
{Heap after GC invocations=101 (full 0):
 garbage-first heap   total 222208K, used 105708K [0x00000000c0000000, 0x0000000100000000)
  region size 1024K, 8 young (8192K), 8 survivors (8192K)
 Metaspace       used 29957K, committed 30912K, reserved 1114112K
  class space    used 2808K, committed 3264K, reserved 1048576K
}

